This is pdfTeX, Version 3.14159265-2.6-1.40.20 (TeX Live 2019/W32TeX) (preloaded format=pdflatex 2019.7.7)  27 JUL 2019 22:01
entering extended mode
 restricted \write18 enabled.
 %&-line parsing enabled.
**abntex2-modelo-trabalho-academico.tex
(./abntex2-modelo-trabalho-academico.tex
LaTeX2e <2018-12-01>
(./abntex2ufop.cls
Document Class: abntex2ufop 2017/05/31 v2.0 abnTeX2ufop
(c:/texlive/2019/texmf-dist/tex/latex/memoir/memoir.cls
Document Class: memoir 2018/12/12 v3.7h configurable book, report, article docu
ment class
\onelineskip=\skip41
\lxvchars=\skip42
\xlvchars=\skip43
\@memcnta=\count80
\c@@memmarkcntra=\count81
(c:/texlive/2019/texmf-dist/tex/generic/oberdiek/ifpdf.sty
Package: ifpdf 2018/09/07 v3.3 Provides the ifpdf switch
)
(c:/texlive/2019/texmf-dist/tex/latex/ifetex/ifetex.sty
Package: ifetex 2018/03/31 v1.2a ifetex

(c:/texlive/2019/texmf-dist/tex/plain/ifetex/ifetex.tex))
(c:/texlive/2019/texmf-dist/tex/generic/ifxetex/ifxetex.sty
Package: ifxetex 2010/09/12 v0.6 Provides ifxetex conditional
)
(c:/texlive/2019/texmf-dist/tex/generic/oberdiek/ifluatex.sty
Package: ifluatex 2016/05/16 v1.4 Provides the ifluatex switch (HO)
Package ifluatex Info: LuaTeX not detected.
)
\stockheight=\skip44
\stockwidth=\skip45
\trimtop=\skip46
\trimedge=\skip47

(c:/texlive/2019/texmf-dist/tex/latex/memoir/mem12.clo
File: mem12.clo 2010/10/19 v0.4b memoir class 12pt size option
)
\binding=\skip48
\spinemargin=\skip49
\foremargin=\skip50
\uppermargin=\skip51
\lowermargin=\skip52
\headdrop=\skip53
\normalrulethickness=\skip54
\mem@maxheadheight=\skip55
\mem@maxfootheight=\skip56
\headwidth=\skip57
\c@storedpagenumber=\count82
\memPD=\dimen102
\m@mabparskip=\skip58
\thanksmarkwidth=\skip59
\thanksmarksep=\skip60
\droptitle=\skip61
\c@book=\count83
\c@part=\count84
\c@chapter=\count85
\c@section=\count86
\c@subsection=\count87
\c@subsubsection=\count88
\c@paragraph=\count89
\c@subparagraph=\count90
\beforechapskip=\skip62
\midchapskip=\skip63
\afterchapskip=\skip64
\chapindent=\skip65
\bottomsectionskip=\skip66
\secindent=\skip67
\beforesecskip=\skip68
\aftersecskip=\skip69
\subsecindent=\skip70
\beforesubsecskip=\skip71
\aftersubsecskip=\skip72
\subsubsecindent=\skip73
\beforesubsubsecskip=\skip74
\aftersubsubsecskip=\skip75
\paraindent=\skip76
\beforeparaskip=\skip77
\afterparaskip=\skip78
\subparaindent=\skip79
\beforesubparaskip=\skip80
\aftersubparaskip=\skip81
\pfbreakskip=\skip82
\c@@ppsavesec=\count91
\c@@ppsaveapp=\count92
\ragrparindent=\dimen103
\everylistparindent=\dimen104
\parsepi=\skip83
\topsepi=\skip84
\itemsepi=\skip85
\parsepii=\skip86
\topsepii=\skip87
\topsepiii=\skip88
\itemsepii=\skip89
\itemsepiii=\skip90
\partopsepii=\skip91
\partopsepiii=\skip92
\m@msavetopsep=\skip93
\m@msavepartopsep=\skip94
\@enLab=\toks14
\abstitleskip=\skip95
\absleftindent=\skip96
\abs@leftindent=\dimen105
\absrightindent=\skip97
\absparindent=\skip98
\absparsep=\skip99
\c@vslineno=\count93
\c@poemline=\count94
\c@modulo@vs=\count95
\c@memfvsline=\count96
\vleftskip=\skip100
\vrightskip=\skip101
\stanzaskip=\skip102
\versewidth=\skip103
\vgap=\skip104
\vindent=\skip105
\vleftmargin=\dimen106
\c@verse=\count97
\c@chrsinstr=\count98
\beforepoemtitleskip=\skip106
\afterpoemtitleskip=\skip107
\c@poem=\count99
\beforePoemTitleskip=\skip108
\midPoemTitleskip=\skip109
\afterPoemTitleskip=\skip110

(c:/texlive/2019/texmf-dist/tex/latex/tools/array.sty
Package: array 2018/12/30 v2.4k Tabular extension package (FMi)
\col@sep=\dimen107
\ar@mcellbox=\box27
\extrarowheight=\dimen108
\NC@list=\toks15
\extratabsurround=\skip111
\backup@length=\skip112
\ar@cellbox=\box28
)
(c:/texlive/2019/texmf-dist/tex/latex/tools/dcolumn.sty
Package: dcolumn 2014/10/28 v1.06 decimal alignment package (DPC)
)
(c:/texlive/2019/texmf-dist/tex/latex/tools/delarray.sty
Package: delarray 2014/10/28 v1.01 array delimiter package (DPC)
)
(c:/texlive/2019/texmf-dist/tex/latex/tools/tabularx.sty
Package: tabularx 2016/02/03 v2.11b `tabularx' package (DPC)
\TX@col@width=\dimen109
\TX@old@table=\dimen110
\TX@old@col=\dimen111
\TX@target=\dimen112
\TX@delta=\dimen113
\TX@cols=\count100
\TX@ftn=\toks16
)
\heavyrulewidth=\dimen114
\lightrulewidth=\dimen115
\cmidrulewidth=\dimen116
\belowrulesep=\dimen117
\belowbottomsep=\dimen118
\aboverulesep=\dimen119
\abovetopsep=\dimen120
\cmidrulesep=\dimen121
\cmidrulekern=\dimen122
\defaultaddspace=\dimen123
\@cmidla=\count101
\@cmidlb=\count102
\@aboverulesep=\dimen124
\@belowrulesep=\dimen125
\@thisruleclass=\count103
\@lastruleclass=\count104
\@thisrulewidth=\dimen126
\ctableftskip=\skip113
\ctabrightskip=\skip114
\abovecolumnspenalty=\count105
\@linestogo=\count106
\@cellstogo=\count107
\@cellsincolumn=\count108
\crtok=\toks17
\@mincolumnwidth=\dimen127
\c@newflo@tctr=\count109
\mem@margin@floatbox=\box29
\@contcwidth=\skip115
\@contindw=\skip116
\abovecaptionskip=\skip117
\belowcaptionskip=\skip118
\subfloattopskip=\skip119
\subfloatcapskip=\skip120
\subfloatcaptopadj=\skip121
\subfloatbottomskip=\skip122
\subfloatlabelskip=\skip123
\subfloatcapmargin=\dimen128
\c@@contsubnum=\count110
\m@mscap@capbox=\box30
\m@mscap@fbox=\box31
\sidecapsep=\dimen129
\sidecapwidth=\dimen130
\m@m@tempdima=\dimen131
\m@mscapraise=\dimen132
\sidecapraise=\dimen133
\m@mscapmainwidth=\dimen134
\m@mscaplkern=\dimen135
\beforeepigraphskip=\skip124
\afterepigraphskip=\skip125
\epigraphwidth=\skip126
\epigraphrule=\skip127
LaTeX Info: Redefining \em on input line 7592.
LaTeX Info: Redefining \emph on input line 7600.
\tocentryskip=\skip128
\tocbaseline=\skip129
\cftparskip=\skip130
\cftbeforebookskip=\skip131
\cftbookindent=\dimen136
\cftbooknumwidth=\dimen137
\cftbeforepartskip=\skip132
\cftpartindent=\skip133
\cftpartnumwidth=\skip134
\cftbeforechapterskip=\skip135
\cftchapterindent=\skip136
\cftchapternumwidth=\skip137
\cftbeforesectionskip=\skip138
\cftsectionindent=\skip139
\cftsectionnumwidth=\skip140
\cftbeforesubsectionskip=\skip141
\cftsubsectionindent=\skip142
\cftsubsectionnumwidth=\skip143
\cftbeforesubsubsectionskip=\skip144
\cftsubsubsectionindent=\skip145
\cftsubsubsectionnumwidth=\skip146
\cftbeforeparagraphskip=\skip147
\cftparagraphindent=\skip148
\cftparagraphnumwidth=\skip149
\cftbeforesubparagraphskip=\skip150
\cftsubparagraphindent=\skip151
\cftsubparagraphnumwidth=\skip152
\prechapterprecisshift=\dimen138
\c@maxsecnumdepth=\count111
\bibindent=\dimen139
\bibitemsep=\skip153
\indexcolsep=\skip154
\indexrule=\skip155
\indexmarkstyle=\toks18
\@indexbox=\insert199
\glossarycolsep=\dimen140
\glossaryrule=\dimen141
\sideparvshift=\skip156
\sideins=\insert198
\sidebartopsep=\skip157
\sidebarhsep=\skip158
\sidebarvsep=\skip159
\sidebarwidth=\skip160
\footmarkwidth=\skip161
\footmarksep=\skip162
\footparindent=\skip163
\footinsdim=\skip164
\footinsv@r=\insert197
\@mpfootinsv@r=\insert196
\m@m@k=\count112
\m@m@h=\dimen142
\m@mipn@skip=\skip165
\sidefootins=\insert195
\sidefootadjust=\skip166
\sidefootheight=\skip167
\sidefoothsep=\skip168
\sidefootvsep=\skip169
\sidefootwidth=\skip170
\m@mdownsf=\skip171
\c@sidefootnote=\count113
\sidefootmarkwidth=\skip172
\sidefootmarksep=\skip173
\sidefootparindent=\skip174
\c@pagenote=\count114
\c@pagenoteshadow=\count115
\mem@pn@lastkern=\skip175
\every@verbatim=\toks19
\afterevery@verbatim=\toks20
\verbatim@line=\toks21
\tab@position=\count116
\verbatim@in@stream=\read1
\verbatimindent=\skip176
\verbatim@out=\write3
\bvboxsep=\skip177
\c@memfbvline=\count117
\c@bvlinectr=\count118
\bvnumlength=\skip178
\fb@frw=\dimen143
\fb@frh=\dimen144
\FrameRule=\dimen145
\FrameSep=\dimen146
\c@cp@cntr=\count119
LaTeX Info: Redefining \: on input line 12114.
LaTeX Info: Redefining \! on input line 12116.
\c@ism@mctr=\count120
\c@xsm@mctr=\count121
\c@csm@mctr=\count122
\c@ksm@mctr=\count123
\c@xksm@mctr=\count124
\c@cksm@mctr=\count125
\c@msm@mctr=\count126
\c@xmsm@mctr=\count127
\c@cmsm@mctr=\count128
\c@bsm@mctr=\count129
\c@workm@mctr=\count130
\c@sheetsequence=\count131
\c@lastsheet=\count132
\c@lastpage=\count133
\c@figure=\count134
\c@lofdepth=\count135
\cftbeforefigureskip=\skip179
\cftfigureindent=\skip180
\cftfigurenumwidth=\skip181
\c@table=\count136
\c@lotdepth=\count137
\cftbeforetableskip=\skip182
\cfttableindent=\skip183
\cfttablenumwidth=\skip184
Package abstract [2008/07/23] emulated by memoir.
Package appendix [2008/07/23] emulated by memoir.
Package booktabs [2016/05/16] emulated by memoir.
Package ccaption [2008/07/23] emulated by memoir.
Package changepage [2008/07/23] emulated by memoir.
Package chngcntr [2008/07/23] emulated by memoir.
Package chngpage [2008/07/23] emulated by memoir.
Package crop emulated by memoir.
Package enumerate [2008/07/23] emulated by memoir.
Package epigraph [2008/07/23] emulated by memoir.
Package ifmtarg [2008/07/23] emulated by memoir.
Package index [2008/07/23] emulated by memoir.
Package makeidx [2008/07/23] emulated by memoir.
Package moreverb [2008/07/23] emulated by memoir.
Package mparhack [2008/07/23] emulated by memoir.
Package needspace [2008/07/23] emulated by memoir.
Package newfile [2008/07/23] emulated by memoir.
Package nextpage [2008/07/23] emulated by memoir.
Package pagenote [2008/07/23] emulated by memoir.
Package parskip [2008/07/23] emulated by memoir.
Package patchcmd [2008/07/23] emulated by memoir.
Package setspace [2008/07/23] emulated by memoir.
Package shortvrb [2008/07/23] emulated by memoir.
Package showidx [2008/07/23] emulated by memoir.
Package titleref [2008/07/23] emulated by memoir.
Package titling [2008/07/23] emulated by memoir.
Package tocbibind [2008/07/23] emulated by memoir.
Package tocloft [2008/07/23] emulated by memoir.
Package tocvsec2 [2008/07/23] emulated by memoir.
Package verbatim [2008/07/23] emulated by memoir.
Package verse [2008/07/23] emulated by memoir.
)
(c:/texlive/2019/texmf-dist/tex/latex/hyperref/hyperref.sty
Package: hyperref 2018/11/30 v6.88e Hypertext links for LaTeX

(c:/texlive/2019/texmf-dist/tex/generic/oberdiek/hobsub-hyperref.sty
Package: hobsub-hyperref 2016/05/16 v1.14 Bundle oberdiek, subset hyperref (HO)


(c:/texlive/2019/texmf-dist/tex/generic/oberdiek/hobsub-generic.sty
Package: hobsub-generic 2016/05/16 v1.14 Bundle oberdiek, subset generic (HO)
Package: hobsub 2016/05/16 v1.14 Construct package bundles (HO)
Package: infwarerr 2016/05/16 v1.4 Providing info/warning/error messages (HO)
Package: ltxcmds 2016/05/16 v1.23 LaTeX kernel commands for general use (HO)
Package hobsub Info: Skipping package `ifluatex' (already loaded).
Package: ifvtex 2016/05/16 v1.6 Detect VTeX and its facilities (HO)
Package ifvtex Info: VTeX not detected.
Package: intcalc 2016/05/16 v1.2 Expandable calculations with integers (HO)
Package hobsub Info: Skipping package `ifpdf' (already loaded).
Package: etexcmds 2016/05/16 v1.6 Avoid name clashes with e-TeX commands (HO)
Package: kvsetkeys 2016/05/16 v1.17 Key value parser (HO)
Package: kvdefinekeys 2016/05/16 v1.4 Define keys (HO)
Package: pdftexcmds 2018/09/10 v0.29 Utility functions of pdfTeX for LuaTeX (HO
)
Package pdftexcmds Info: LuaTeX not detected.
Package pdftexcmds Info: \pdf@primitive is available.
Package pdftexcmds Info: \pdf@ifprimitive is available.
Package pdftexcmds Info: \pdfdraftmode found.
Package: pdfescape 2016/05/16 v1.14 Implements pdfTeX's escape features (HO)
Package: bigintcalc 2016/05/16 v1.4 Expandable calculations on big integers (HO
)
Package: bitset 2016/05/16 v1.2 Handle bit-vector datatype (HO)
Package: uniquecounter 2016/05/16 v1.3 Provide unlimited unique counter (HO)
)
Package hobsub Info: Skipping package `hobsub' (already loaded).
Package: letltxmacro 2016/05/16 v1.5 Let assignment for LaTeX macros (HO)
Package: hopatch 2016/05/16 v1.3 Wrapper for package hooks (HO)
Package: xcolor-patch 2016/05/16 xcolor patch
Package: atveryend 2016/05/16 v1.9 Hooks at the very end of document (HO)
Package atveryend Info: \enddocument detected (standard20110627).
Package: atbegshi 2016/06/09 v1.18 At begin shipout hook (HO)
Package: refcount 2016/05/16 v3.5 Data extraction from label references (HO)
Package: hycolor 2016/05/16 v1.8 Color options for hyperref/bookmark (HO)
)
(c:/texlive/2019/texmf-dist/tex/latex/graphics/keyval.sty
Package: keyval 2014/10/28 v1.15 key=value parser (DPC)
\KV@toks@=\toks22
)
(c:/texlive/2019/texmf-dist/tex/latex/oberdiek/auxhook.sty
Package: auxhook 2016/05/16 v1.4 Hooks for auxiliary files (HO)
)
(c:/texlive/2019/texmf-dist/tex/latex/oberdiek/kvoptions.sty
Package: kvoptions 2016/05/16 v3.12 Key value format for package options (HO)
)
\@linkdim=\dimen147
\Hy@linkcounter=\count138
\Hy@pagecounter=\count139

(c:/texlive/2019/texmf-dist/tex/latex/hyperref/pd1enc.def
File: pd1enc.def 2018/11/30 v6.88e Hyperref: PDFDocEncoding definition (HO)
Now handling font encoding PD1 ...
... no UTF-8 mapping file for font encoding PD1
)
\Hy@SavedSpaceFactor=\count140

(c:/texlive/2019/texmf-dist/tex/latex/latexconfig/hyperref.cfg
File: hyperref.cfg 2002/06/06 v1.2 hyperref configuration of TeXLive
)
Package hyperref Info: Hyper figures OFF on input line 4519.
Package hyperref Info: Link nesting OFF on input line 4524.
Package hyperref Info: Hyper index ON on input line 4527.
Package hyperref Info: Plain pages OFF on input line 4534.
Package hyperref Info: Backreferencing OFF on input line 4539.
Package hyperref Info: Implicit mode ON; LaTeX internals redefined.
Package hyperref Info: Bookmarks ON on input line 4772.
\c@Hy@tempcnt=\count141

(c:/texlive/2019/texmf-dist/tex/latex/url/url.sty
\Urlmuskip=\muskip10
Package: url 2013/09/16  ver 3.4  Verb mode for urls, etc.
)
LaTeX Info: Redefining \url on input line 5125.
\XeTeXLinkMargin=\dimen148
\Fld@menulength=\count142
\Field@Width=\dimen149
\Fld@charsize=\dimen150
Package hyperref Info: Hyper figures OFF on input line 6380.
Package hyperref Info: Link nesting OFF on input line 6385.
Package hyperref Info: Hyper index ON on input line 6388.
Package hyperref Info: backreferencing OFF on input line 6395.
Package hyperref Info: Link coloring OFF on input line 6400.
Package hyperref Info: Link coloring with OCG OFF on input line 6405.
Package hyperref Info: PDF/A mode OFF on input line 6410.
LaTeX Info: Redefining \ref on input line 6450.
LaTeX Info: Redefining \pageref on input line 6454.
\Hy@abspage=\count143
\c@Item=\count144
\c@Hfootnote=\count145
)
(c:/texlive/2019/texmf-dist/tex/latex/memoir/memhfixc.sty
Package: memhfixc 2013/05/30 v1.17 nameref/hyperref package fixes for memoir cl
ass
\c@memhycontfloat=\count146
\c@Hpagenote=\count147
)
Package hyperref Info: Driver (autodetected): hpdftex.

(c:/texlive/2019/texmf-dist/tex/latex/hyperref/hpdftex.def
File: hpdftex.def 2018/11/30 v6.88e Hyperref driver for pdfTeX
\Fld@listcount=\count148
\c@bookmark@seq@number=\count149

(c:/texlive/2019/texmf-dist/tex/latex/oberdiek/rerunfilecheck.sty
Package: rerunfilecheck 2016/05/16 v1.8 Rerun checks for auxiliary files (HO)
Package uniquecounter Info: New unique counter `rerunfilecheck' on input line 2
82.
)
\Hy@SectionHShift=\skip185
)
(c:/texlive/2019/texmf-dist/tex/latex/oberdiek/bookmark.sty
Package: bookmark 2016/05/17 v1.26 PDF bookmarks (HO)

(c:/texlive/2019/texmf-dist/tex/latex/oberdiek/bkm-pdftex.def
File: bkm-pdftex.def 2016/05/17 v1.26 bookmark driver for pdfTeX (HO)
\BKM@id=\count150
))
(c:/texlive/2019/texmf-dist/tex/generic/babel/babel.sty
Package: babel 2019/06/03 3.32 The Babel package

(c:/texlive/2019/texmf-dist/tex/generic/babel/switch.def
File: switch.def 2019/06/03 3.32 Babel switching mechanism
)
(c:/texlive/2019/texmf-dist/tex/generic/babel-english/english.ldf
Language: english 2017/06/06 v3.3r English support from the babel system

(c:/texlive/2019/texmf-dist/tex/generic/babel/babel.def
File: babel.def 2019/06/03 3.32 Babel common definitions
\babel@savecnt=\count151
\U@D=\dimen151

(c:/texlive/2019/texmf-dist/tex/generic/babel/txtbabel.def)
\bbl@dirlevel=\count152
)
\l@canadian = a dialect from \language\l@american 
\l@australian = a dialect from \language\l@british 
\l@newzealand = a dialect from \language\l@british 
)
(c:/texlive/2019/texmf-dist/tex/generic/babel-portuges/portuges.ldf
Language: portuges 2008/03/18 v1.2q Portuguese support from the babel system
\l@brazil = a dialect from \language\l@portuges 
Package babel Info: Making " an active character on input line 145.
))
(c:/texlive/2019/texmf-dist/tex/latex/enumitem/enumitem.sty
Package: enumitem 2019/06/20 v3.9 Customized lists
\labelindent=\skip186
\enit@outerparindent=\dimen152
\enit@toks=\toks23
\enit@inbox=\box32
\enit@count@id=\count153
\enitdp@description=\count154
)
(c:/texlive/2019/texmf-dist/tex/latex/base/ifthen.sty
Package: ifthen 2014/09/29 v1.1c Standard LaTeX ifthen package (DPC)
)
(c:/texlive/2019/texmf-dist/tex/latex/tools/calc.sty
Package: calc 2017/05/25 v4.3 Infix arithmetic (KKT,FJ)
\calc@Acount=\count155
\calc@Bcount=\count156
\calc@Adimen=\dimen153
\calc@Bdimen=\dimen154
\calc@Askip=\skip187
\calc@Bskip=\skip188
LaTeX Info: Redefining \setlength on input line 80.
LaTeX Info: Redefining \addtolength on input line 81.
\calc@Ccount=\count157
\calc@Cskip=\skip189
)

******************************************************
Stock height and width: 845.04684pt by 597.50787pt
Top and edge trims: 0pt and 0pt
Page height and width: 845.04684pt by 597.50787pt
Text height and width: 708pt by 455pt
Spine and edge margins: 85.35826pt and 56.9055pt
Upper and lower margins: 85.35826pt and 51.68858pt
Headheight and headsep: 14.5pt and 19.8738pt
Footskip: 30pt
Columnsep and columnseprule: 10pt and 0pt
Marginparsep and marginparwidth: 7pt and 42.9055pt
Sidecapsep and sidecapwidth: 7pt and 42pt
Sidebarhsep and sidebarwidth: 7pt and 42pt
Sidebarvsep and sidebartopsep: 14.5pt and 0pt
Sidebarheight: 590.14995pt
Sidefoothsep and sidefootwidth: 7pt and 42pt
Sidefootvsep and sidefootheight: 14.5pt and 590.14995pt
******************************************************

\c@abntex@bookmarkcounter=\count158
\chapternamenumlength=\skip190
\ABNTEXcitacaorecuo=\skip191
\c@alineasi=\count159
\c@alineasii=\count160
\enitdp@alineas=\count161
\c@subalineasi=\count162
\enitdp@subalineas=\count163
\c@incisosi=\count164
\enitdp@incisos=\count165
\ABNTEXsignwidth=\skip192
\ABNTEXsignthickness=\skip193
\ABNTEXsignskip=\skip194
) (c:/texlive/2019/texmf-dist/tex/latex/lm/lmodern.sty
Package: lmodern 2009/10/30 v1.6 Latin Modern Fonts
LaTeX Font Info:    Overwriting symbol font `operators' in version `normal'
(Font)                  OT1/cmr/m/n --> OT1/lmr/m/n on input line 22.
LaTeX Font Info:    Overwriting symbol font `letters' in version `normal'
(Font)                  OML/cmm/m/it --> OML/lmm/m/it on input line 23.
LaTeX Font Info:    Overwriting symbol font `symbols' in version `normal'
(Font)                  OMS/cmsy/m/n --> OMS/lmsy/m/n on input line 24.
LaTeX Font Info:    Overwriting symbol font `largesymbols' in version `normal'
(Font)                  OMX/cmex/m/n --> OMX/lmex/m/n on input line 25.
LaTeX Font Info:    Overwriting symbol font `operators' in version `bold'
(Font)                  OT1/cmr/bx/n --> OT1/lmr/bx/n on input line 26.
LaTeX Font Info:    Overwriting symbol font `letters' in version `bold'
(Font)                  OML/cmm/b/it --> OML/lmm/b/it on input line 27.
LaTeX Font Info:    Overwriting symbol font `symbols' in version `bold'
(Font)                  OMS/cmsy/b/n --> OMS/lmsy/b/n on input line 28.
LaTeX Font Info:    Overwriting symbol font `largesymbols' in version `bold'
(Font)                  OMX/cmex/m/n --> OMX/lmex/m/n on input line 29.
LaTeX Font Info:    Overwriting math alphabet `\mathbf' in version `normal'
(Font)                  OT1/cmr/bx/n --> OT1/lmr/bx/n on input line 31.
LaTeX Font Info:    Overwriting math alphabet `\mathsf' in version `normal'
(Font)                  OT1/cmss/m/n --> OT1/lmss/m/n on input line 32.
LaTeX Font Info:    Overwriting math alphabet `\mathit' in version `normal'
(Font)                  OT1/cmr/m/it --> OT1/lmr/m/it on input line 33.
LaTeX Font Info:    Overwriting math alphabet `\mathtt' in version `normal'
(Font)                  OT1/cmtt/m/n --> OT1/lmtt/m/n on input line 34.
LaTeX Font Info:    Overwriting math alphabet `\mathbf' in version `bold'
(Font)                  OT1/cmr/bx/n --> OT1/lmr/bx/n on input line 35.
LaTeX Font Info:    Overwriting math alphabet `\mathsf' in version `bold'
(Font)                  OT1/cmss/bx/n --> OT1/lmss/bx/n on input line 36.
LaTeX Font Info:    Overwriting math alphabet `\mathit' in version `bold'
(Font)                  OT1/cmr/bx/it --> OT1/lmr/bx/it on input line 37.
LaTeX Font Info:    Overwriting math alphabet `\mathtt' in version `bold'
(Font)                  OT1/cmtt/m/n --> OT1/lmtt/m/n on input line 38.
)
(c:/texlive/2019/texmf-dist/tex/latex/base/fontenc.sty
Package: fontenc 2018/08/11 v2.0j Standard LaTeX package

(c:/texlive/2019/texmf-dist/tex/latex/base/t1enc.def
File: t1enc.def 2018/08/11 v2.0j Standard LaTeX file
LaTeX Font Info:    Redeclaring font encoding T1 on input line 48.
))
(c:/texlive/2019/texmf-dist/tex/latex/base/inputenc.sty
Package: inputenc 2018/08/11 v1.3c Input encoding file
\inpenc@prehook=\toks24
\inpenc@posthook=\toks25
)
(c:/texlive/2019/texmf-dist/tex/latex/lastpage/lastpage.sty
Package: lastpage 2015/03/29 v1.2m Refers to last page's name (HMM; JPG)
)
(c:/texlive/2019/texmf-dist/tex/latex/tools/indentfirst.sty
Package: indentfirst 1995/11/23 v1.03 Indent first paragraph (DPC)
)
(c:/texlive/2019/texmf-dist/tex/latex/graphics/color.sty
Package: color 2016/07/10 v1.1e Standard LaTeX Color (DPC)

(c:/texlive/2019/texmf-dist/tex/latex/graphics-cfg/color.cfg
File: color.cfg 2016/01/02 v1.6 sample color configuration
)
Package color Info: Driver file: pdftex.def on input line 147.

(c:/texlive/2019/texmf-dist/tex/latex/graphics-def/pdftex.def
File: pdftex.def 2018/01/08 v1.0l Graphics/color driver for pdftex
))
(c:/texlive/2019/texmf-dist/tex/latex/xcolor/xcolor.sty
Package: xcolor 2016/05/11 v2.12 LaTeX color extensions (UK)

(c:/texlive/2019/texmf-dist/tex/latex/graphics-cfg/color.cfg
File: color.cfg 2016/01/02 v1.6 sample color configuration
)
Package xcolor Info: Driver file: pdftex.def on input line 225.

(c:/texlive/2019/texmf-dist/tex/latex/colortbl/colortbl.sty
Package: colortbl 2018/12/12 v1.0d Color table columns (DPC)
\everycr=\toks26
\minrowclearance=\skip256
)
LaTeX Info: Redefining \color on input line 709.
\rownum=\count166
Package xcolor Info: Model `cmy' substituted by `cmy0' on input line 1348.
Package xcolor Info: Model `hsb' substituted by `rgb' on input line 1352.
Package xcolor Info: Model `RGB' extended on input line 1364.
Package xcolor Info: Model `HTML' substituted by `rgb' on input line 1366.
Package xcolor Info: Model `Hsb' substituted by `hsb' on input line 1367.
Package xcolor Info: Model `tHsb' substituted by `hsb' on input line 1368.
Package xcolor Info: Model `HSB' substituted by `hsb' on input line 1369.
Package xcolor Info: Model `Gray' substituted by `gray' on input line 1370.
Package xcolor Info: Model `wave' substituted by `hsb' on input line 1371.
)
(c:/texlive/2019/texmf-dist/tex/latex/graphics/graphicx.sty
Package: graphicx 2017/06/01 v1.1a Enhanced LaTeX Graphics (DPC,SPQR)

(c:/texlive/2019/texmf-dist/tex/latex/graphics/graphics.sty
Package: graphics 2017/06/25 v1.2c Standard LaTeX Graphics (DPC,SPQR)

(c:/texlive/2019/texmf-dist/tex/latex/graphics/trig.sty
Package: trig 2016/01/03 v1.10 sin cos tan (DPC)
)
(c:/texlive/2019/texmf-dist/tex/latex/graphics-cfg/graphics.cfg
File: graphics.cfg 2016/06/04 v1.11 sample graphics configuration
)
Package graphics Info: Driver file: pdftex.def on input line 99.
)
\Gin@req@height=\dimen155
\Gin@req@width=\dimen156
)
(c:/texlive/2019/texmf-dist/tex/latex/microtype/microtype.sty
Package: microtype 2019/02/28 v2.7b Micro-typographical refinements (RS)
\MT@toks=\toks27
\MT@count=\count167
LaTeX Info: Redefining \textls on input line 790.
\MT@outer@kern=\dimen157
LaTeX Info: Redefining \textmicrotypecontext on input line 1336.
\MT@listname@count=\count168

(c:/texlive/2019/texmf-dist/tex/latex/microtype/microtype-pdftex.def
File: microtype-pdftex.def 2019/02/28 v2.7b Definitions specific to pdftex (RS)

LaTeX Info: Redefining \lsstyle on input line 914.
LaTeX Info: Redefining \lslig on input line 914.
\MT@outer@space=\skip257
)
Package microtype Info: Loading configuration file microtype.cfg.

(c:/texlive/2019/texmf-dist/tex/latex/microtype/microtype.cfg
File: microtype.cfg 2019/02/28 v2.7b microtype main configuration file (RS)
))
(c:/texlive/2019/texmf-dist/tex/latex/supertabular/supertabular.sty
Package: supertabular 2004/02/20 v4.1e the supertabular environment
\c@tracingst=\count169
\ST@wd=\dimen158
\ST@rightskip=\skip258
\ST@leftskip=\skip259
\ST@parfillskip=\skip260
\ST@pageleft=\dimen159
\ST@headht=\dimen160
\ST@tailht=\dimen161
\ST@pagesofar=\dimen162
\ST@pboxht=\dimen163
\ST@lineht=\dimen164
\ST@stretchht=\dimen165
\ST@prevht=\dimen166
\ST@toadd=\dimen167
\ST@dimen=\dimen168
\ST@pbox=\box33
)
(c:/texlive/2019/texmf-dist/tex/latex/listings/listings.sty
\lst@mode=\count170
\lst@gtempboxa=\box34
\lst@token=\toks28
\lst@length=\count171
\lst@currlwidth=\dimen169
\lst@column=\count172
\lst@pos=\count173
\lst@lostspace=\dimen170
\lst@width=\dimen171
\lst@newlines=\count174
\lst@lineno=\count175
\lst@maxwidth=\dimen172

(c:/texlive/2019/texmf-dist/tex/latex/listings/lstmisc.sty
File: lstmisc.sty 2019/02/27 1.8b (Carsten Heinz)
\c@lstnumber=\count176
\lst@skipnumbers=\count177
\lst@framebox=\box35
)
(c:/texlive/2019/texmf-dist/tex/latex/listings/listings.cfg
File: listings.cfg 2019/02/27 1.8b listings configuration
))
Package: listings 2019/02/27 1.8b (Carsten Heinz)

(c:/texlive/2019/texmf-dist/tex/latex/tools/multicol.sty
Package: multicol 2018/12/27 v1.8v multicolumn formatting (FMi)
\c@tracingmulticols=\count178
\mult@box=\box36
\multicol@leftmargin=\dimen173
\c@unbalance=\count179
\c@collectmore=\count180
\doublecol@number=\count181
\multicoltolerance=\count182
\multicolpretolerance=\count183
\full@width=\dimen174
\page@free=\dimen175
\premulticols=\dimen176
\postmulticols=\dimen177
\multicolsep=\skip261
\multicolbaselineskip=\skip262
\partial@page=\box37
\last@line=\box38
\maxbalancingoverflow=\dimen178
\mult@rightbox=\box39
\mult@grightbox=\box40
\mult@gfirstbox=\box41
\mult@firstbox=\box42
\@tempa=\box43
\@tempa=\box44
\@tempa=\box45
\@tempa=\box46
\@tempa=\box47
\@tempa=\box48
\@tempa=\box49
\@tempa=\box50
\@tempa=\box51
\@tempa=\box52
\@tempa=\box53
\@tempa=\box54
\@tempa=\box55
\@tempa=\box56
\@tempa=\box57
\@tempa=\box58
\@tempa=\box59
\c@columnbadness=\count184
\c@finalcolumnbadness=\count185
\last@try=\dimen179
\multicolovershoot=\dimen180
\multicolundershoot=\dimen181
\mult@nat@firstbox=\box60
\colbreak@box=\box61
\mc@col@check@num=\count186
)
(c:/texlive/2019/texmf-dist/tex/latex/multirow/multirow.sty
Package: multirow 2019/05/31 v2.5 Span multiple rows of a table
\multirow@colwidth=\skip263
\multirow@cntb=\count187
\multirow@dima=\skip264
\bigstrutjot=\dimen182
)
(c:/texlive/2019/texmf-dist/tex/latex/lipsum/lipsum.sty
(c:/texlive/2019/texmf-dist/tex/latex/l3kernel/expl3.sty
Package: expl3 2019-07-01 L3 programming layer (loader) 

(c:/texlive/2019/texmf-dist/tex/latex/l3kernel/expl3-code.tex
Package: expl3 2019-07-01 L3 programming layer (code)
\c_max_int=\count188
\l_tmpa_int=\count189
\l_tmpb_int=\count190
\g_tmpa_int=\count191
\g_tmpb_int=\count192
\g__kernel_prg_map_int=\count193
\c__ior_term_ior=\count194
\c_log_iow=\count266
\l_iow_line_count_int=\count267
\l__iow_line_target_int=\count268
\l__iow_one_indent_int=\count269
\l__iow_indent_int=\count270
\c_zero_dim=\dimen183
\c_max_dim=\dimen184
\l_tmpa_dim=\dimen185
\l_tmpb_dim=\dimen186
\g_tmpa_dim=\dimen187
\g_tmpb_dim=\dimen188
\c_zero_skip=\skip265
\c_max_skip=\skip266
\l_tmpa_skip=\skip267
\l_tmpb_skip=\skip268
\g_tmpa_skip=\skip269
\g_tmpb_skip=\skip270
\c_zero_muskip=\muskip11
\c_max_muskip=\muskip12
\l_tmpa_muskip=\muskip13
\l_tmpb_muskip=\muskip14
\g_tmpa_muskip=\muskip15
\g_tmpb_muskip=\muskip16
\l_keys_choice_int=\count271
\l__intarray_loop_int=\count272
\c__intarray_sp_dim=\dimen189
\g__intarray_font_int=\count273
\c__fp_leading_shift_int=\count274
\c__fp_middle_shift_int=\count275
\c__fp_trailing_shift_int=\count276
\c__fp_big_leading_shift_int=\count277
\c__fp_big_middle_shift_int=\count278
\c__fp_big_trailing_shift_int=\count279
\c__fp_Bigg_leading_shift_int=\count280
\c__fp_Bigg_middle_shift_int=\count281
\c__fp_Bigg_trailing_shift_int=\count282
\c__kernel_randint_max_int=\count283
\g__fp_array_int=\count284
\l__fp_array_loop_int=\count285
\l__sort_length_int=\count286
\l__sort_min_int=\count287
\l__sort_top_int=\count288
\l__sort_max_int=\count289
\l__sort_true_max_int=\count290
\l__sort_block_int=\count291
\l__sort_begin_int=\count292
\l__sort_end_int=\count293
\l__sort_A_int=\count294
\l__sort_B_int=\count295
\l__sort_C_int=\count296
\l__str_internal_int=\count297
\c__str_replacement_char_int=\count298
\l__tl_analysis_normal_int=\count299
\l__tl_analysis_index_int=\count300
\l__tl_analysis_nesting_int=\count301
\l__tl_analysis_type_int=\count302
\l__regex_internal_a_int=\count303
\l__regex_internal_b_int=\count304
\l__regex_internal_c_int=\count305
\l__regex_balance_int=\count306
\l__regex_group_level_int=\count307
\l__regex_mode_int=\count308
\c__regex_cs_in_class_mode_int=\count309
\c__regex_cs_mode_int=\count310
\l__regex_catcodes_int=\count311
\l__regex_default_catcodes_int=\count312
\c__regex_catcode_D_int=\count313
\c__regex_catcode_S_int=\count314
\c__regex_catcode_L_int=\count315
\c__regex_catcode_O_int=\count316
\c__regex_catcode_A_int=\count317
\c__regex_all_catcodes_int=\count318
\l__regex_show_lines_int=\count319
\l__regex_min_state_int=\count320
\l__regex_max_state_int=\count321
\l__regex_left_state_int=\count322
\l__regex_right_state_int=\count323
\l__regex_capturing_group_int=\count324
\l__regex_min_pos_int=\count325
\l__regex_max_pos_int=\count326
\l__regex_curr_pos_int=\count327
\l__regex_start_pos_int=\count328
\l__regex_success_pos_int=\count329
\l__regex_curr_char_int=\count330
\l__regex_curr_catcode_int=\count331
\l__regex_last_char_int=\count332
\l__regex_case_changed_char_int=\count333
\l__regex_curr_state_int=\count334
\l__regex_step_int=\count335
\l__regex_min_active_int=\count336
\l__regex_max_active_int=\count337
\l__regex_replacement_csnames_int=\count338
\l__regex_match_count_int=\count339
\l__regex_min_submatch_int=\count340
\l__regex_submatch_int=\count341
\l__regex_zeroth_submatch_int=\count342
\g__regex_trace_regex_int=\count343
\c_empty_box=\box62
\l_tmpa_box=\box63
\l_tmpb_box=\box64
\g_tmpa_box=\box65
\g_tmpb_box=\box66
\l__box_top_dim=\dimen190
\l__box_bottom_dim=\dimen191
\l__box_left_dim=\dimen192
\l__box_right_dim=\dimen193
\l__box_top_new_dim=\dimen194
\l__box_bottom_new_dim=\dimen256
\l__box_left_new_dim=\dimen257
\l__box_right_new_dim=\dimen258
\l__box_internal_box=\box67
\l__coffin_internal_box=\box68
\l__coffin_internal_dim=\dimen259
\l__coffin_offset_x_dim=\dimen260
\l__coffin_offset_y_dim=\dimen261
\l__coffin_x_dim=\dimen262
\l__coffin_y_dim=\dimen263
\l__coffin_x_prime_dim=\dimen264
\l__coffin_y_prime_dim=\dimen265
\c_empty_coffin=\box69
\l__coffin_aligned_coffin=\box70
\l__coffin_aligned_internal_coffin=\box71
\l_tmpa_coffin=\box72
\l_tmpb_coffin=\box73
\g_tmpa_coffin=\box74
\g_tmpb_coffin=\box75
\l__coffin_bounding_shift_dim=\dimen266
\l__coffin_left_corner_dim=\dimen267
\l__coffin_right_corner_dim=\dimen268
\l__coffin_bottom_corner_dim=\dimen269
\l__coffin_top_corner_dim=\dimen270
\l__coffin_scaled_total_height_dim=\dimen271
\l__coffin_scaled_width_dim=\dimen272
\c__coffin_empty_coffin=\box76
\l__coffin_display_coffin=\box77
\l__coffin_display_coord_coffin=\box78
\l__coffin_display_pole_coffin=\box79
\l__coffin_display_offset_dim=\dimen273
\l__coffin_display_x_dim=\dimen274
\l__coffin_display_y_dim=\dimen275
\g__file_internal_ior=\read2
\l__seq_internal_a_int=\count344
\l__seq_internal_b_int=\count345
\c__deprecation_minus_one=\count346
)
(c:/texlive/2019/texmf-dist/tex/latex/l3backend/l3backend-pdfmode.def
File: l3backend-pdfmode.def 2019-04-06 v L3 Experimental backend support: PDF m
ode
\l__kernel_color_stack_int=\count347
\l__pdf_internal_box=\box80
))
(c:/texlive/2019/texmf-dist/tex/latex/l3packages/xparse/xparse.sty
Package: xparse 2019-05-28 L3 Experimental document command parser
\l__xparse_current_arg_int=\count348
\g__xparse_grabber_int=\count349
\l__xparse_m_args_int=\count350
\l__xparse_v_nesting_int=\count351
)
Package: lipsum 2019/01/02 v2.2 150 paragraphs of Lorem Ipsum dummy text

(c:/texlive/2019/texmf-dist/tex/latex/lipsum/lipsum.ltd.tex
File: lipsum.ltd.tex 2019/01/02 v2.2 The Lorem ipsum dummy text
))
(c:/texlive/2019/texmf-dist/tex/latex/hyperref/backref.sty
Package: backref 2016/05/21 v1.39 Bibliographical back referencing
) (./abntex2cite.sty
(./abntex2abrev.sty)
\minimumbiblabelwidth=\skip271
\ABCIauxlen=\skip272
\c@ABCIaux=\count352
\c@ABCImax=\count353
 (c:/texlive/2019/texmf-dist/tex/latex/relsize/relsize.sty
Package: relsize 2013/03/29 ver 4.1
)
\biblabelsep=\skip273
LaTeX Info: Redefining \newblock on input line 643.
LaTeX Info: Redefining \cite on input line 670.
\ABCItoken=\toks29
)
Package hyperref Info: Option `colorlinks' set `true' on input line 181.
\abntex2-modelo-trabalho-academico@idxfile=\write4
\openout4 = `abntex2-modelo-trabalho-academico.idx'.


Writing index file abntex2-modelo-trabalho-academico.idx 
(./abntex2-modelo-trabalho-academico.aux (./capitulos/capitulo-introducao.aux)
(./capitulos/capitulo-materiais-metodos.aux)
(./capitulos/capitulo-metodologia.aux) (./capitulos/capitulo-resultados.aux)
(./capitulos/capitulo-consideracoes-finais.aux)
(./capitulos/capitulo-apendice1e2.aux))
\openout1 = `abntex2-modelo-trabalho-academico.aux'.

LaTeX Font Info:    Checking defaults for OML/cmm/m/it on input line 204.
LaTeX Font Info:    ... okay on input line 204.
LaTeX Font Info:    Checking defaults for T1/cmr/m/n on input line 204.
LaTeX Font Info:    ... okay on input line 204.
LaTeX Font Info:    Checking defaults for OT1/cmr/m/n on input line 204.
LaTeX Font Info:    ... okay on input line 204.
LaTeX Font Info:    Checking defaults for OMS/cmsy/m/n on input line 204.
LaTeX Font Info:    ... okay on input line 204.
LaTeX Font Info:    Checking defaults for OMX/cmex/m/n on input line 204.
LaTeX Font Info:    ... okay on input line 204.
LaTeX Font Info:    Checking defaults for U/cmr/m/n on input line 204.
LaTeX Font Info:    ... okay on input line 204.
LaTeX Font Info:    Checking defaults for PD1/pdf/m/n on input line 204.
LaTeX Font Info:    ... okay on input line 204.
LaTeX Font Info:    Try loading font information for T1+lmr on input line 204.

(c:/texlive/2019/texmf-dist/tex/latex/lm/t1lmr.fd
File: t1lmr.fd 2009/10/30 v1.6 Font defs for Latin Modern
)
\AtBeginShipoutBox=\box81
Package hyperref Info: Link coloring ON on input line 204.

(c:/texlive/2019/texmf-dist/tex/latex/hyperref/nameref.sty
Package: nameref 2016/05/21 v2.44 Cross-referencing by name of section

(c:/texlive/2019/texmf-dist/tex/generic/oberdiek/gettitlestring.sty
Package: gettitlestring 2016/05/16 v1.5 Cleanup title references (HO)
)
\c@section@level=\count354
)
Redoing nameref's sectioning
Redoing nameref's label
LaTeX Info: Redefining \nameref on input line 204.
LaTeX Info: Redefining \ref on input line 204.
LaTeX Info: Redefining \pageref on input line 204.
LaTeX Info: Redefining \nameref on input line 204.
Package lastpage Info: Please have a look at the pageslts package at
(lastpage)             https://www.ctan.org/pkg/pageslts
(lastpage)             ! on input line 204.
(c:/texlive/2019/texmf-dist/tex/context/base/mkii/supp-pdf.mkii
[Loading MPS to PDF converter (version 2006.09.02).]
\scratchcounter=\count355
\scratchdimen=\dimen276
\scratchbox=\box82
\nofMPsegments=\count356
\nofMParguments=\count357
\everyMPshowfont=\toks30
\MPscratchCnt=\count358
\MPscratchDim=\dimen277
\MPnumerator=\count359
\makeMPintoPDFobject=\count360
\everyMPtoPDFconversion=\toks31
) (c:/texlive/2019/texmf-dist/tex/latex/oberdiek/epstopdf-base.sty
Package: epstopdf-base 2016/05/15 v2.6 Base part for package epstopdf

(c:/texlive/2019/texmf-dist/tex/latex/oberdiek/grfext.sty
Package: grfext 2016/05/16 v1.2 Manage graphics extensions (HO)
)
Package epstopdf-base Info: Redefining graphics rule for `.eps' on input line 4
38.
Package grfext Info: Graphics extension search list:
(grfext)             [.pdf,.png,.jpg,.mps,.jpeg,.jbig2,.jb2,.PDF,.PNG,.JPG,.JPE
G,.JBIG2,.JB2,.eps]
(grfext)             \AppendGraphicsExtensions on input line 456.

(c:/texlive/2019/texmf-dist/tex/latex/latexconfig/epstopdf-sys.cfg
File: epstopdf-sys.cfg 2010/07/13 v1.3 Configuration of (r)epstopdf for TeX Liv
e
))
LaTeX Info: Redefining \microtypecontext on input line 204.
Package microtype Info: Generating PDF output.
Package microtype Info: Character protrusion enabled (level 2).
Package microtype Info: Using default protrusion set `alltext'.
Package microtype Info: Automatic font expansion enabled (level 2),
(microtype)             stretch: 20, shrink: 20, step: 1, non-selected.
Package microtype Info: Using default expansion set `basictext'.
Package microtype Info: No adjustment of tracking.
Package microtype Info: No adjustment of interword spacing.
Package microtype Info: No adjustment of character kerning.

(c:/texlive/2019/texmf-dist/tex/latex/microtype/mt-cmr.cfg
File: mt-cmr.cfg 2013/05/19 v2.2 microtype config. file: Computer Modern Roman 
(RS)
)
\c@lstlisting=\count361
LaTeX Font Info:    Try loading font information for OT1+lmr on input line 217.


(c:/texlive/2019/texmf-dist/tex/latex/lm/ot1lmr.fd
File: ot1lmr.fd 2009/10/30 v1.6 Font defs for Latin Modern
)
LaTeX Font Info:    Try loading font information for OML+lmm on input line 217.


(c:/texlive/2019/texmf-dist/tex/latex/lm/omllmm.fd
File: omllmm.fd 2009/10/30 v1.6 Font defs for Latin Modern
)
LaTeX Font Info:    Try loading font information for OMS+lmsy on input line 217
.

(c:/texlive/2019/texmf-dist/tex/latex/lm/omslmsy.fd
File: omslmsy.fd 2009/10/30 v1.6 Font defs for Latin Modern
)
LaTeX Font Info:    Try loading font information for OMX+lmex on input line 217
.

(c:/texlive/2019/texmf-dist/tex/latex/lm/omxlmex.fd
File: omxlmex.fd 2009/10/30 v1.6 Font defs for Latin Modern
)
LaTeX Font Info:    External font `lmex10' loaded for size
(Font)              <12> on input line 217.
LaTeX Font Info:    External font `lmex10' loaded for size
(Font)              <8> on input line 217.
LaTeX Font Info:    External font `lmex10' loaded for size
(Font)              <6> on input line 217.
<logo-universidade.jpg, id=4, 127.22531pt x 301.125pt>
File: logo-universidade.jpg Graphic file (type jpg)
<use logo-universidade.jpg>
Package pdftex.def Info: logo-universidade.jpg  used on input line 217.
(pdftex.def)             Requested size: 34.22899pt x 80.66156pt.
<logo-unidade.png, id=5, 194.7275pt x 182.6825pt>
File: logo-unidade.png Graphic file (type png)
<use logo-unidade.png>
Package pdftex.def Info: logo-unidade.png  used on input line 217.
(pdftex.def)             Requested size: 75.94043pt x 70.24796pt.
LaTeX Font Info:    Try loading font information for T1+lmss on input line 217.


(c:/texlive/2019/texmf-dist/tex/latex/lm/t1lmss.fd
File: t1lmss.fd 2009/10/30 v1.6 Font defs for Latin Modern
)
Package microtype Info: Loading generic protrusion settings for font family
(microtype)             `lmss' (encoding: T1).
(microtype)             For optimal results, create family-specific settings.
(microtype)             See the microtype manual for details.
 [1

{c:/texlive/2019/texmf-var/fonts/map/pdftex/updmap/pdftex.map} <./logo-universi
dade.jpg> <./logo-unidade.png>]pdfTeX warning (ext4): destination with the same
 identifier (name{page.1}) has been already used, duplicate ignored
<to be read again> 
                   \relax 
l.226 
       [1



]
Underfull \hbox (badness 10000) in paragraph at lines 258--259

 []


Underfull \hbox (badness 10000) in paragraph at lines 260--261

 []


Overfull \hbox (16.44858pt too wide) in paragraph at lines 262--265
[]  [] 
 []


Underfull \hbox (badness 10000) in paragraph at lines 262--265

 []


Underfull \hbox (badness 10000) in paragraph at lines 266--273

 []


Underfull \hbox (badness 10000) in paragraph at lines 274--275

 []

LaTeX Font Info:    External font `lmex10' loaded for size
(Font)              <10> on input line 276.
LaTeX Font Info:    External font `lmex10' loaded for size
(Font)              <7> on input line 276.
LaTeX Font Info:    External font `lmex10' loaded for size
(Font)              <5> on input line 276.
[2] [3

] [4

] [5

] (./abntex2-modelo-trabalho-academico.lof) [6

]
(./abntex2-modelo-trabalho-academico.lot) [7

]
(./abntex2-modelo-trabalho-academico.lol
LaTeX Font Info:    Font shape `T1/lmss/m/it' in size <12> not available
(Font)              Font shape `T1/lmss/m/sl' tried instead on input line 2.
) [8

] [9


]
(./abntex2-modelo-trabalho-academico.toc [10

]
LaTeX Font Info:    External font `lmex10' loaded for size
(Font)              <14.4> on input line 51.
) [11]
\openout2 = `capitulos/capitulo-introducao.aux'.


(./capitulos/capitulo-introducao.tex [12



]
LaTeX Font Info:    Try loading font information for OMS+lmr on input line 40.

(c:/texlive/2019/texmf-dist/tex/latex/lm/omslmr.fd
File: omslmr.fd 2009/10/30 v1.6 Font defs for Latin Modern
)
LaTeX Font Info:    Font shape `OMS/lmr/m/n' in size <12> not available
(Font)              Font shape `OMS/lmsy/m/n' tried instead on input line 40.
 [13]) [14]
\openout2 = `capitulos/capitulo-materiais-metodos.aux'.


(./capitulos/capitulo-materiais-metodos.tex
<figuras/processa-controla.png, id=325, 658.46pt x 196.735pt>
File: figuras/processa-controla.png Graphic file (type png)
<use figuras/processa-controla.png>
Package pdftex.def Info: figuras/processa-controla.png  used on input line 18.
(pdftex.def)             Requested size: 460.91887pt x 137.71355pt.

Overfull \hbox (5.91887pt too wide) in paragraph at lines 18--19
 [][] 
 []

[15



 <./figuras/processa-controla.png (PNG copy)>]
<figuras/esp8266_.jpg, id=341, 523.9575pt x 255.95625pt>
File: figuras/esp8266_.jpg Graphic file (type jpg)
<use figuras/esp8266_.jpg>
Package pdftex.def Info: figuras/esp8266_.jpg  used on input line 32.
(pdftex.def)             Requested size: 261.9781pt x 127.9778pt.
<figuras/raspberrypi.jpg, id=349, 1379.90532pt x 813.0375pt>
File: figuras/raspberrypi.jpg Graphic file (type jpg)
<use figuras/raspberrypi.jpg>
Package pdftex.def Info: figuras/raspberrypi.jpg  used on input line 45.
(pdftex.def)             Requested size: 275.97618pt x 162.60461pt.
 [16 <./figuras/esp8266_.jpg> <./figuras/raspberrypi.jpg>]
<figuras/yf-s201.jpg, id=362, 803.0pt x 497.86pt>
File: figuras/yf-s201.jpg Graphic file (type jpg)
<use figuras/yf-s201.jpg>
Package pdftex.def Info: figuras/yf-s201.jpg  used on input line 62.
(pdftex.def)             Requested size: 240.90186pt x 149.35915pt.
<figuras/teclado-matricial.jpg, id=369, 459.7175pt x 459.7175pt>
File: figuras/teclado-matricial.jpg Graphic file (type jpg)
<use figuras/teclado-matricial.jpg>
Package pdftex.def Info: figuras/teclado-matricial.jpg  used on input line 75.
(pdftex.def)             Requested size: 137.9163pt x 137.9163pt.
<figuras/matrix-1024x558.png, id=374, 770.88pt x 420.57124pt>
File: figuras/matrix-1024x558.png Graphic file (type png)
<use figuras/matrix-1024x558.png>
Package pdftex.def Info: figuras/matrix-1024x558.png  used on input line 83.
(pdftex.def)             Requested size: 308.34654pt x 168.22551pt.


LaTeX Warning: `!h' float specifier changed to `!ht'.

<figuras/keypad-1024x1024-pins.png, id=381, 770.88pt x 770.88pt>
File: figuras/keypad-1024x1024-pins.png Graphic file (type png)
<use figuras/keypad-1024x1024-pins.png>
Package pdftex.def Info: figuras/keypad-1024x1024-pins.png  used on input line 
121.
(pdftex.def)             Requested size: 231.26578pt x 231.26578pt.
[17 <./figuras/yf-s201.jpg>] [18 <./figuras/teclado-matricial.jpg> <./figuras/m
atrix-1024x558.png>]
<figuras/valvula-solenoide.jpg, id=403, 1003.75pt x 1003.75pt>
File: figuras/valvula-solenoide.jpg Graphic file (type jpg)
<use figuras/valvula-solenoide.jpg>
Package pdftex.def Info: figuras/valvula-solenoide.jpg  used on input line 135.

(pdftex.def)             Requested size: 136.50139pt x 136.49594pt.
 [19 <./figuras/keypad-1024x1024-pins.png> <./figuras/valvula-solenoide.jpg>]
<figuras/homeassistant-dash.png, id=415, 824.32968pt x 464.4853pt>
File: figuras/homeassistant-dash.png Graphic file (type png)
<use figuras/homeassistant-dash.png>
Package pdftex.def Info: figuras/homeassistant-dash.png  used on input line 155
.
(pdftex.def)             Requested size: 455.0pt x 256.38199pt.
 [20 <./figuras/homeassistant-dasH.png>] [21] [22]
<figuras/Microservice_Architecture.png, id=477, 541.02126pt x 371.3875pt>
File: figuras/Microservice_Architecture.png Graphic file (type png)
<use figuras/Microservice_Architecture.png>
Package pdftex.def Info: figuras/Microservice_Architecture.png  used on input l
ine 220.
(pdftex.def)             Requested size: 455.0pt x 312.34871pt.
LaTeX Font Info:    Try loading font information for T1+lmtt on input line 230.


(c:/texlive/2019/texmf-dist/tex/latex/lm/t1lmtt.fd
File: t1lmtt.fd 2009/10/30 v1.6 Font defs for Latin Modern
)
Package microtype Info: Loading generic protrusion settings for font family
(microtype)             `lmtt' (encoding: T1).
(microtype)             For optimal results, create family-specific settings.
(microtype)             See the microtype manual for details.
 [23 <./figuras/Microservice_Architecture.png>]
Overfull \hbox (38.48459pt too wide) in paragraph at lines 232--232
 [] [] [][][][]$\T1/lmtt/m/n/10 https : / / www . oasis-[]open . org / news / a
nnouncements / mqtt-[]version-[]3-[]1-[]1-[]becomes-[]an-[]oasis-[]standard$[][
]| 
 []

<figuras/mqtt-architecture.png, id=500, 933.4875pt x 498.86375pt>
File: figuras/mqtt-architecture.png Graphic file (type png)
<use figuras/mqtt-architecture.png>
Package pdftex.def Info: figuras/mqtt-architecture.png  used on input line 238.

(pdftex.def)             Requested size: 455.0pt x 243.15894pt.
[24 <./figuras/mqtt-architecture.png>]) [25]
\openout2 = `capitulos/capitulo-metodologia.aux'.


(./capitulos/capitulo-metodologia.tex [26



] [27]
<figuras/headless.png, id=548, 365.365pt x 152.57pt>
File: figuras/headless.png Graphic file (type png)
<use figuras/headless.png>
Package pdftex.def Info: figuras/headless.png  used on input line 55.
(pdftex.def)             Requested size: 273.00278pt x 114.00584pt.
<figuras/rpiip.png, id=549, 313.17pt x 120.45pt>
File: figuras/rpiip.png Graphic file (type png)
<use figuras/rpiip.png>
Package pdftex.def Info: figuras/rpiip.png  used on input line 62.
(pdftex.def)             Requested size: 273.00278pt x 105.00383pt.
 [28 <./figuras/headless.png (PNG copy)> <./figuras/rpiip.png (PNG copy)>]
<figuras/ERPostgre.png, id=556, 372.39125pt x 261.97874pt>
File: figuras/ERPostgre.png Graphic file (type png)
<use figuras/ERPostgre.png>
Package pdftex.def Info: figuras/ERPostgre.png  used on input line 106.
(pdftex.def)             Requested size: 273.00278pt x 192.06636pt.
 [29]
Package hyperref Info: bookmark level for unknown lstlisting defaults to 0 on i
nput line 129.
LaTeX Font Info:    Font shape `T1/lmtt/bx/n' in size <10> not available
(Font)              Font shape `T1/lmtt/b/n' tried instead on input line 130.
 [30 <./figuras/ERPostgre.png>]
LaTeX Font Info:    Font shape `T1/lmss/m/it' in size <14.4> not available
(Font)              Font shape `T1/lmss/m/sl' tried instead on input line 167.
<figuras/cleanarch.png, id=586, 166.6225pt x 549.05125pt>
File: figuras/cleanarch.png Graphic file (type png)
<use figuras/cleanarch.png>
Package pdftex.def Info: figuras/cleanarch.png  used on input line 175.
(pdftex.def)             Requested size: 113.75pt x 374.8328pt.

[31] [32 <./figuras/cleanarch.png (PNG copy)>] [33]
<figuras/mockservice.png, id=621, 654.445pt x 458.71375pt>
File: figuras/mockservice.png Graphic file (type png)
<use figuras/mockservice.png>
Package pdftex.def Info: figuras/mockservice.png  used on input line 239.
(pdftex.def)             Requested size: 273.00278pt x 191.34956pt.
 [34 <./figuras/mockservice.png>]
<figuras/homeassistanthome.png, id=632, 950.55125pt x 650.43pt>
File: figuras/homeassistanthome.png Graphic file (type png)
<use figuras/homeassistanthome.png>
Package pdftex.def Info: figuras/homeassistanthome.png  used on input line 256.

(pdftex.def)             Requested size: 455.0pt x 311.3394pt.
 [35 <./figuras/homeassistanthome.png (PNG copy)>]
<figuras/grafanahome.png, id=639, 944.52875pt x 963.6pt>
File: figuras/grafanahome.png Graphic file (type png)
<use figuras/grafanahome.png>
Package pdftex.def Info: figuras/grafanahome.png  used on input line 274.
(pdftex.def)             Requested size: 455.0pt x 464.19893pt.
 [36 <./figuras/grafanahome.png (PNG copy)>]
<figuras/grafanaconf.png, id=648, 944.52875pt x 437.635pt>
File: figuras/grafanaconf.png Graphic file (type png)
<use figuras/grafanaconf.png>
Package pdftex.def Info: figuras/grafanaconf.png  used on input line 285.
(pdftex.def)             Requested size: 455.0pt x 210.82367pt.
) [37 <./figuras/grafanaconf.png (PNG copy)>]
\openout2 = `capitulos/capitulo-resultados.aux'.


(./capitulos/capitulo-resultados.tex
Overfull \hbox (43.69748pt too wide) in paragraph at lines 9--10
[]\T1/lmr/m/n/12 (-20) Para criar um usuá-rio de-ve-mos con-su-mir[][][][][] o 
\T1/lmr/m/it/12 (-20) end-point \T1/lmr/m/n/12 (-20) http://localhost:3001/usua
rio/cadastrar
 []

<figuras/postman/cadastro.png, id=657, 473.51906pt x 373.395pt>
File: figuras/postman/cadastro.png Graphic file (type png)
<use figuras/postman/cadastro.png>
Package pdftex.def Info: figuras/postman/cadastro.png  used on input line 15.
(pdftex.def)             Requested size: 318.49861pt x 251.15903pt.
[38



 <./figuras/postman/cadastro.png>]
<figuras/postman/time.png, id=667, 471.26062pt x 373.395pt>
File: figuras/postman/time.png Graphic file (type png)
<use figuras/postman/time.png>
Package pdftex.def Info: figuras/postman/time.png  used on input line 28.
(pdftex.def)             Requested size: 318.49861pt x 252.3612pt.
<figuras/postman/password.png, id=668, 464.4853pt x 385.44pt>
File: figuras/postman/password.png Graphic file (type png)
<use figuras/postman/password.png>
Package pdftex.def Info: figuras/postman/password.png  used on input line 35.
(pdftex.def)             Requested size: 318.49861pt x 264.30122pt.

Overfull \hbox (9.85574pt too wide) in paragraph at lines 40--41
[]\T1/lmr/m/n/12 (-20) Conseguimos ca-das-trar um ba-nho ao con-su-mir o \T1/lm
r/m/it/12 (-20) end-point \T1/lmr/m/n/12 (-20) http://localhost:3001/banho
 []

<figuras/postman/bathsinclude.png, id=670, 472.01344pt x 417.81094pt>
File: figuras/postman/bathsinclude.png Graphic file (type png)
<use figuras/postman/bathsinclude.png>
Package pdftex.def Info: figuras/postman/bathsinclude.png  used on input line 4
4.
(pdftex.def)             Requested size: 318.49861pt x 281.92734pt.
<figuras/postman/getuser.png, id=672, 472.76625pt x 272.51813pt>
File: figuras/postman/getuser.png Graphic file (type png)
<use figuras/postman/getuser.png>
Package pdftex.def Info: figuras/postman/getuser.png  used on input line 53.
(pdftex.def)             Requested size: 318.49861pt x 183.59665pt.
<figuras/postman/getbanhos.png, id=674, 472.76625pt x 390.70969pt>
File: figuras/postman/getbanhos.png Graphic file (type png)
<use figuras/postman/getbanhos.png>
Package pdftex.def Info: figuras/postman/getbanhos.png  used on input line 62.
(pdftex.def)             Requested size: 318.49861pt x 263.22282pt.
<figuras/postman/allowedfalse.png, id=677, 472.76625pt x 364.36125pt>
File: figuras/postman/allowedfalse.png Graphic file (type png)
<use figuras/postman/allowedfalse.png>
Package pdftex.def Info: figuras/postman/allowedfalse.png  used on input line 7
1.
(pdftex.def)             Requested size: 318.49861pt x 245.47177pt.
<figuras/postman/allowedtrue.png, id=678, 471.26062pt x 377.15906pt>
File: figuras/postman/allowedtrue.png Graphic file (type png)
<use figuras/postman/allowedtrue.png>
Package pdftex.def Info: figuras/postman/allowedtrue.png  used on input line 78
.
(pdftex.def)             Requested size: 318.49861pt x 254.90517pt.
[39

 <./figuras/postman/time.png>] [40 <./figuras/postman/password.png> <./figuras/
postman/bathsinclude.png>] [41 <./figuras/postman/getuser.png> <./figuras/postm
an/getbanhos.png>] [42 <./figuras/postman/allowedfalse.png> <./figuras/postman/
allowedtrue.png>]
<figuras/grafanagraph.png, id=706, 1896.08376pt x 595.22375pt>
File: figuras/grafanagraph.png Graphic file (type png)
<use figuras/grafanagraph.png>
Package pdftex.def Info: figuras/grafanagraph.png  used on input line 91.
(pdftex.def)             Requested size: 455.0pt x 142.82936pt.
<figuras/homeassistanton.png, id=709, 500.62032pt x 358.33875pt>
File: figuras/homeassistanton.png Graphic file (type png)
<use figuras/homeassistanton.png>
Package pdftex.def Info: figuras/homeassistanton.png  used on input line 102.
(pdftex.def)             Requested size: 273.00278pt x 195.41924pt.
<figuras/homeassistantoff.png, id=710, 500.62032pt x 358.33875pt>
File: figuras/homeassistantoff.png Graphic file (type png)
<use figuras/homeassistantoff.png>
Package pdftex.def Info: figuras/homeassistantoff.png  used on input line 109.
(pdftex.def)             Requested size: 273.00278pt x 195.41924pt.
 [43 <./figuras/grafanagraph.png (PNG copy)> <./figuras/homeassistanton.png>]
<figuras/homeassistantnewuser.png, id=717, 500.62032pt x 358.33875pt>
File: figuras/homeassistantnewuser.png Graphic file (type png)
<use figuras/homeassistantnewuser.png>
Package pdftex.def Info: figuras/homeassistantnewuser.png  used on input line 1
18.
(pdftex.def)             Requested size: 455.0pt x 325.70056pt.
) [44 <./figuras/homeassistantoff.png> <./figuras/homeassistantnewuser.png>]
\openout2 = `capitulos/capitulo-consideracoes-finais.aux'.

 (./capitulos/capitulo-consideracoes-finais.tex) [45



]
(./abntex2-modelo-trabalho-academico.bbl
(./abntex2-modelo-trabalho-academico.brf)
\tf@brf=\write5
\openout5 = `abntex2-modelo-trabalho-academico.brf'.


bibitemlist
[46


] [47]) [48] [49


]
\openout2 = `capitulos/capitulo-apendice1e2.aux'.

 (./capitulos/capitulo-apendice1e2.tex [50


] [51] [52]
[53] [54] [55]
Overfull \hbox (6.65497pt too wide) in paragraph at lines 243--244
\T1/lmr/m/n/12 (-20) mu-ni-ca-ção. O có-digo in-teiro pode ser bai-xado no \T1/
lmr/m/it/12 (-20) link\T1/lmr/m/n/12 (-20) : [][]$\T1/lmtt/m/n/12 https : / / g
ithub . com / CamiloAvelar /
 []

[56

] [57] [58] [59]) [60]
No file abntex2-modelo-trabalho-academico.ind.

AED: lastpage setting LastPage
\tf@lof=\write6
\openout6 = `abntex2-modelo-trabalho-academico.lof'.

\tf@lot=\write7
\openout7 = `abntex2-modelo-trabalho-academico.lot'.

\tf@lol=\write8
\openout8 = `abntex2-modelo-trabalho-academico.lol'.

\tf@toc=\write9
\openout9 = `abntex2-modelo-trabalho-academico.toc'.

Package atveryend Info: Empty hook `BeforeClearDocument' on input line 576.
Package atveryend Info: Empty hook `AfterLastShipout' on input line 576.
(./abntex2-modelo-trabalho-academico.aux (./capitulos/capitulo-introducao.aux)
(./capitulos/capitulo-materiais-metodos.aux)
(./capitulos/capitulo-metodologia.aux) (./capitulos/capitulo-resultados.aux)
(./capitulos/capitulo-consideracoes-finais.aux)
(./capitulos/capitulo-apendice1e2.aux))
Package atveryend Info: Executing hook `AtVeryEndDocument' on input line 576.
Package atveryend Info: Executing hook `AtEndAfterFileList' on input line 576.
Package rerunfilecheck Info: File `abntex2-modelo-trabalho-academico.brf' has n
ot changed.
(rerunfilecheck)             Checksum: 578DD54609575695CED688BE3EE03946;3594.


LaTeX Warning: Label(s) may have changed. Rerun to get cross-references right.

Package atveryend Info: Empty hook `AtVeryVeryEnd' on input line 576.
 ) 
Here is how much of TeX's memory you used:
 26509 strings out of 492609
 447901 string characters out of 6132819
 808149 words of memory out of 5000000
 29331 multiletter control sequences out of 15000+600000
 628773 words of font info for 165 fonts, out of 8000000 for 9000
 1141 hyphenation exceptions out of 8191
 43i,14n,63p,983b,1980s stack positions out of 5000i,500n,10000p,200000b,80000s
{c:/texlive/2019/texmf-dist/fonts/enc/dvips/lm/lm-ec.enc}{c:/texlive/2019/tex
mf-dist/fonts/enc/dvips/lm/lm-mathsy.enc}{c:/texlive/2019/texmf-dist/fonts/enc/
dvips/lm/lm-mathit.enc}<c:/texlive/2019/texmf-dist/fonts/type1/public/lm/lmbx10
.pfb><c:/texlive/2019/texmf-dist/fonts/type1/public/lm/lmbx12.pfb><c:/texlive/2
019/texmf-dist/fonts/type1/public/lm/lmmi12.pfb><c:/texlive/2019/texmf-dist/fon
ts/type1/public/lm/lmr10.pfb><c:/texlive/2019/texmf-dist/fonts/type1/public/lm/
lmr12.pfb><c:/texlive/2019/texmf-dist/fonts/type1/public/lm/lmr7.pfb><c:/texliv
e/2019/texmf-dist/fonts/type1/public/lm/lmr8.pfb><c:/texlive/2019/texmf-dist/fo
nts/type1/public/lm/lmri10.pfb><c:/texlive/2019/texmf-dist/fonts/type1/public/l
m/lmri12.pfb><c:/texlive/2019/texmf-dist/fonts/type1/public/lm/lmri8.pfb><c:/te
xlive/2019/texmf-dist/fonts/type1/public/lm/lmss12.pfb><c:/texlive/2019/texmf-d
ist/fonts/type1/public/lm/lmss17.pfb><c:/texlive/2019/texmf-dist/fonts/type1/pu
blic/lm/lmssbx10.pfb><c:/texlive/2019/texmf-dist/fonts/type1/public/lm/lmsso12.
pfb><c:/texlive/2019/texmf-dist/fonts/type1/public/lm/lmsy10.pfb><c:/texlive/20
19/texmf-dist/fonts/type1/public/lm/lmtk10.pfb><c:/texlive/2019/texmf-dist/font
s/type1/public/lm/lmtt10.pfb><c:/texlive/2019/texmf-dist/fonts/type1/public/lm/
lmtt12.pfb>
Output written on abntex2-modelo-trabalho-academico.pdf (61 pages, 9290566 byte
s).
PDF statistics:
 1543 PDF objects out of 1728 (max. 8388607)
 1381 compressed objects within 14 object streams
 574 named destinations out of 1000 (max. 500000)
 35446 words of extra memory for PDF output out of 35830 (max. 10000000)

